<?xml version="1.0" encoding="UTF-8"?>
<!-- Generated by org.testng.reporters.JUnitReportReporter -->
<testsuite hostname="Nidhi" name="tests.TC02_Verify_New_cust" tests="1" failures="0" timestamp="10 Sep 2020 17:34:19 GMT" time="22.735" errors="0">
  <testcase name="addNewCust" time="22.735" classname="tests.TC02_Verify_New_cust"/>
</testsuite> <!-- tests.TC02_Verify_New_cust -->
