<?xml version="1.0" encoding="UTF-8"?>
<!-- Generated by org.testng.reporters.JUnitReportReporter -->
<testsuite hostname="Nidhi" name="tests.TC01_Login_test" tests="1" failures="0" timestamp="12 Sep 2020 16:38:57 GMT" time="10.910" errors="0">
  <testcase name="loginpage_test" time="10.910" classname="tests.TC01_Login_test"/>
</testsuite> <!-- tests.TC01_Login_test -->
