<?xml version="1.0" encoding="UTF-8"?>
<!-- Generated by org.testng.reporters.JUnitReportReporter -->
<testsuite hostname="Nidhi" name="tests.TC01_Login_test" tests="1" failures="0" timestamp="15 Sep 2020 11:52:21 GMT" time="107.411" errors="0">
  <testcase name="loginpage_test" time="107.411" classname="tests.TC01_Login_test"/>
</testsuite> <!-- tests.TC01_Login_test -->
