<?xml version="1.0" encoding="UTF-8"?>
<!-- Generated by org.testng.reporters.JUnitReportReporter -->
<testsuite hostname="Nidhi" name="utilities.Reporting_Extent" tests="2" failures="0" timestamp="14 Sep 2020 13:50:58 GMT" time="119.334" errors="0">
  <testcase name="titletest" time="54.886" classname="utilities.Reporting_Extent"/>
  <testcase name="logotest" time="64.448" classname="utilities.Reporting_Extent"/>
</testsuite> <!-- utilities.Reporting_Extent -->
