<?xml version="1.0" encoding="UTF-8"?>
<!-- Generated by org.testng.reporters.JUnitReportReporter -->
<testsuite hostname="Nidhi" name="tests.TC01_Login_test" tests="1" failures="0" timestamp="13 Sep 2020 18:41:00 GMT" time="14.689" errors="0">
  <testcase name="loginpage_test" time="14.689" classname="tests.TC01_Login_test"/>
</testsuite> <!-- tests.TC01_Login_test -->
